Standard Payments
Funding
2014-12-01 HKD 50,000.00 HKD 50,000.00 HKD 0.00
Funding
2015-01-15 HKD 50,000.00 HKD 100,000.00 HKD 612.30
Payment
2015-05-15 HKD 12,500.00 HKD 87,500.00 HKD 4,008.20
Payment
2015-06-15 HKD 12,500.00 HKD 75,000.00 HKD 4,770.76
Payment
2015-07-15 HKD 12,500.00 HKD 62,500.00 HKD 5,435.52
Payment
2015-08-15 HKD 12,500.00 HKD 50,000.00 HKD 6,001.65
Payment
2015-09-15 HKD 12,500.00 HKD 37,500.00 HKD 6,468.33
Payment
2015-10-15 HKD 12,500.00 HKD 25,000.00 HKD 6,834.73
Payment
2015-11-15 HKD 12,500.00 HKD 12,500.00 HKD 7,100.02
Payment
2015-12-01 HKD 12,500.00 HKD 0.00 HKD 7,186.97
Payment
2015-12-01 HKD 7,186.97 HKD 0.00 HKD 0.00

Kickstarter success
Funding
2014-12-01 HKD 50,000.00 HKD 50,000.00 HKD 0.00
Funding
2015-01-15 HKD 50,000.00 HKD 100,000.00 HKD 612.30
Payment
2015-03-15 HKD 100,000.00 HKD 0.00 HKD 2,296.16
Payment
2015-03-15 HKD 2,296.16 HKD -2,296.16 HKD 2,296.16
Payment
2015-12-01 HKD -2,296.16 HKD 0.00 HKD 2,296.16
Payment
2015-12-01 HKD 2,296.16 HKD 0.00 HKD 0.00
